<?xml version="1.0" encoding="UTF-8"?>
<!-- Generated by org.testng.reporters.JUnitReportReporter -->
<testsuite name="useMaven.PracticeMaven" tests="1" time="0.016" ignored="0" failures="0" timestamp="26 Jul 2017 16:37:56 GMT" skipped="0" hostname="DESKTOP-43C2NSO" errors="0">
  <testcase name="testmaven" time="0.016" classname="useMaven.PracticeMaven"/>
</testsuite> <!-- useMaven.PracticeMaven -->
